1506547542 1.16708 0.307137 0.103566 0.0148687 0.00347155
1506547742 1.68578 0.443642 0.149596 0.0214769 0.00501446
1506548142 2.20448 0.580147 0.195625 0.0280852 0.00655738
1506548942 4.17338 1.15199 0.392738 0.0566525 0.0132353
1506550542 6.28114 1.83267 0.632998 0.0918289 0.021469
1506553742 10.6113 3.65254 1.31445 0.194168 0.0455013
1506556942 11.83 4.62326 1.72286 0.258528 0.060707
1506560142 14.9079 6.53692 2.52066 0.384212 0.0904047
1506563342 15.598 7.59409 3.02688 0.468526 0.110466
1506566542 16.3451 8.63554 3.54944 0.557577 0.131719
1506569742 16.6023 9.52191 4.04022 0.644534 0.152574
1506572942 16.7424 10.282 4.49496 0.727773 0.172619
1506576142 16.9319 10.9972 4.9452 0.812267 0.193034
1506579342 16.1087 11.0322 5.11297 0.853152 0.203184
1506582542 17.0713 12.273 5.85184 0.991255 0.236559
1506585742 16.1516 12.0542 5.89941 1.01367 0.242384
1506588942 16.1323 12.473 6.26769 1.09289 0.261858
1506592142 16.2265 12.6789 6.49777 1.14686 0.275263
1506595342 16.8575 13.4294 7.05224 1.26303 0.303767
1506598542 18.0076 14.6672 7.87227 1.42892 0.34432
1506601742 17.9832 15.0097 8.23521 1.51522 0.365822
1506604942 18.2059 15.3817 8.60304 1.60301 0.387722
1506608142 18.0119 15.6463 8.95117 1.69182 0.410038
1506611342 17.6689 15.7953 9.24773 1.77348 0.430727
1506614542 17.6822 15.9874 9.54546 1.85502 0.451402
1506617742 17.8413 16.2118 9.85276 1.93942 0.472832
1506620942 15.8957 14.5609 9.01231 1.79783 0.439182
1506624142 15.9249 14.73 9.29216 1.87969 0.460131
1506627342 16.6134 15.6678 10.0768 2.06685 0.506987
1506630542 16.2331 15.6662 10.2783 2.13798 0.525523
1506633742 15.6879 15.5673 10.4396 2.20424 0.543001
1506636942 16.2726 16.4111 11.2324 2.40638 0.594073
1506640142 15.9617 16.3076 11.3905 2.47726 0.612944
1506643342 15.6916 16.1742 11.5246 2.54448 0.631
1506646542 15.3298 16.0191 11.6358 2.60676 0.647859
1506649742 14.3153 14.9766 11.0729 2.5166 0.626819
1506652942 14.6915 15.6888 11.8334 2.7312 0.681853
1506656142 13.6819 14.6067 11.2181 2.62809 0.657602
1506659342 14.7914 15.5239 12.0452 2.85656 0.716187
1506662542 14.6307 15.3975 12.1232 2.91536 0.732528
1506665742 14.0617 15.1538 12.1577 2.96859 0.747644
1506668942 13.7503 14.9538 12.2012 3.02442 0.763494
1506672142 11.2132 12.0721 10.048 2.53508 0.641686
1506675342 13.294 14.5485 12.2564 3.13152 0.794301
1506678542 13.2904 14.2907 12.0865 3.12487 0.7943
1506681742 10.1898 11.3032 9.95497 2.63844 0.672935
1506684942 12.892 14.0777 12.328 3.28621 0.839257
1506688142 12.929 13.9592 12.3468 3.33577 0.853815
1506691342 12.9537 13.8617 12.3723 3.38667 0.868752
1506694542 12.4752 13.627 12.3434 3.42897 0.881691
1506697742 11.6619 12.5764 11.5621 3.26675 0.84226
1506700942 12.7804 13.5047 12.3932 3.5308 0.911873
1506704142 13.2065 13.555 12.4535 3.58712 0.928316
1506707342 13.2383 13.5294 12.4835 3.63826 0.943565
1506710542 13.271 13.5089 12.5151 3.68931 0.958803
1506713742 11.249 11.8122 11.0771 3.30868 0.861828
1506716942 13.1219 13.4215 12.5584 3.78995 0.989202
1506720142 12.8521 13.1623 12.3191 3.74883 0.980163
1506723342 12.8635 13.2904 12.5726 3.88459 1.01831
1506726542 12.6922 13.1672 12.4445 3.87357 1.01716
1506729742 12.6641 13.1349 12.5654 3.97283 1.04589
1506732942 12.6417 13.0829 12.5678 4.01748 1.05985
1506736142 11.5506 12.0074 11.6706 3.79221 1.00322
1506739343 11.4586 11.9416 11.6657 3.83372 1.01639
1506742543 11.3367 11.8549 11.4952 3.77267 1.00059
1506745743 12.198 12.7532 12.514 4.18861 1.1147
1506748943 10.4601 10.7696 10.7221 3.66774 0.979609
1506752143 12.3999 12.7217 12.5245 4.28035 1.14396
1506755343 11.3934 11.5724 11.2189 3.84186 1.02816
1506758543 11.9881 12.5375 12.4705 4.35984 1.17041
1506761743 11.7549 12.413 12.4296 4.39555 1.18259
1506764943 11.4913 12.2681 12.3788 4.4295 1.19439
1506768143 11.4518 12.1729 12.3415 4.46502 1.20659
1506771343 10.2945 11.0539 11.3773 4.19596 1.13758
1506774543 10.924 11.8663 12.2219 4.5308 1.23007
1506777743 10.835 11.7393 12.1012 4.51454 1.22769
1506780943 12.8089 11.7823 11.6235 4.34422 1.18354
1506784143 13.6992 12.5689 12.4342 4.68387 1.27827
1506787343 13.5565 12.6382 12.4614 4.7286 1.29294
1506790543 13.1973 12.6299 12.4662 4.77094 1.30715
1506793743 12.961 12.6212 12.4697 4.81188 1.32096
1506796943 12.2671 12.4652 12.4234 4.84563 1.33315
1506800143 11.5502 12.2497 12.3518 4.87455 1.34417
1506803343 10.9862 12.0139 12.2654 4.90046 1.35448
1506806543 9.29208 10.6814 10.9759 4.40415 1.21896
1506809743 9.25123 11.2437 11.9712 4.93475 1.37129
1506812943 8.86816 10.8923 11.8122 4.94867 1.37902
1506816143 8.94182 10.6645 11.6881 4.96628 1.38758
1506819343 8.15555 9.40169 10.1227 4.34103 1.21641
1506822543 8.64911 10.1537 11.404 4.99228 1.40238
1506825743 9.04943 10.0745 11.3183 5.0111 1.41102
1506828943 9.32976 10.0053 11.2364 5.02994 1.41967
1506832143 9.35926 9.90617 11.1498 5.04841 1.42828
1506835343 8.67455 8.92494 10.0643 4.58499 1.29889
1506838543 8.81962 8.34705 8.66382 3.8058 1.07566
1506841743 9.93593 9.93145 10.9815 5.11865 1.45858
1506844943 8.73579 8.93687 10.3604 5.0306 1.44133
1506848143 9.2438 8.92009 9.77064 4.61089 1.31867
1506851343 11.121 9.54972 10.4515 5.09698 1.46554
1506854543 14.1892 11.2023 11.2443 5.27185 1.51204
1506857743 14.6448 11.602 11.3619 5.31858 1.52759
1506860943 14.9802 11.8577 11.0729 5.07716 1.45766
1506864143 16.2452 12.7017 11.7244 5.39339 1.55056
1506867343 17.197 13.3402 11.9441 5.3993 1.55027
1506870543 17.0924 13.2923 11.4755 5.11163 1.46815
1506873743 16.7337 13.2592 11.6561 5.37481 1.55202
1506876943 16.6506 13.0848 11.1398 5.07326 1.46571
1506880143 18.0661 14.7056 12.5017 5.59673 1.61452
1506883343 17.7872 15.2088 12.8768 5.70966 1.64681
1506886543 17.242 15.2672 12.9367 5.67821 1.63569
1506889743 17.5632 15.5479 13.1066 5.74005 1.65511
1506892943 16.7424 14.9775 12.5091 5.42318 1.56391
1506896143 16.732 15.2775 12.8247 5.53322 1.59566
1506899343 16.2878 15.0869 13.0116 5.82091 1.68815
1506902543 16.64 15.3507 12.8241 5.48093 1.58043
1506905743 17.6812 16.2711 13.745 6.02186 1.74589
1506908943 17.7046 16.3871 13.8327 5.97829 1.7295
1506912143 16.2558 15.1196 12.7352 5.41669 1.56307
1506915343 15.612 14.9824 12.6259 5.17476 1.48588
1506918543 15.1043 14.4205 12.4659 5.71961 1.67612
1506921743 17.9884 16.6808 14.2397 6.19941 1.80215
1506924943 19.2158 17.1211 14.4632 6.27164 1.82425
1506928143 19.5941 17.4119 14.6471 6.33889 1.84516
1506931343 17.8736 17.0157 14.5947 6.3751 1.85923
1506934543 17.4994 16.2664 13.5919 5.71838 1.66002
1506937743 18.7065 17.4473 14.7976 6.45556 1.88723
1506940943 17.1615 16.4684 14.3307 6.41823 1.88398
1506944143 17.8945 17.3933 15.0569 6.61336 1.93701
1506947343 17.5071 17.2893 15.0907 6.66033 1.95347
1506950543 17.5031 17.2687 15.149 6.71034 1.9707
1506953743 18.4206 17.5064 15.1107 6.3865 1.85953
1506956943 18.2069 16.2722 14.0159 6.19712 1.82042
1506960143 19.1987 17.2773 14.9016 6.48343 1.89888
1506963343 17.9471 16.136 13.3908 5.42574 1.57081
1506966543 19.4243 17.5756 15.1168 6.39918 1.86626
1506969743 21.4984 19.0072 16.1279 6.86435 2.00823
1506972943 21.5162 19.2174 16.2912 6.93622 2.03096
1506976143 20.5536 18.3815 15.4404 6.49691 1.90057
1506979343 22.718 19.8599 16.686 7.08758 2.07815
1506982543 22.8671 20.1222 16.8778 7.16437 2.10213
1506985743 21.315 19.1984 16.0236 6.72352 1.97046
1506988943 21.0232 19.2498 16.1392 6.78719 1.99097
1506992143 21.4712 19.4382 16.4616 7.15685 2.11407
1506995343 20.2917 18.542 15.5965 6.69576 1.97565
1506998543 22.4073 20.6502 17.543 7.50891 2.21347
1507001743 22.7297 20.8439 17.7008 7.58152 2.23678
1507004943 21.1028 19.2495 16.4618 7.08677 2.092
1507008143 22.9372 21.1761 18.0241 7.73693 2.28642
1507011343 22.7507 21.1521 17.9461 7.3676 2.15282
1507014543 21.1954 20.0202 17.0575 7.26204 2.14671
1507017743 21.3031 20.9103 18.2101 7.92017 2.34921
1507020943 20.7422 20.6957 18.2116 7.97111 2.36765
1507024143 20.0449 20.4007 18.1221 7.80233 2.30648
1507027343 20.6446 20.4429 18.2545 8.08111 2.40699
1507030543 20.3611 19.622 17.743 8.02027 2.398
1507033743 20.3429 19.542 17.4144 7.65154 2.27801
1507036943 20.8391 19.6718 17.6196 8.00356 2.40192
1507040143 22.0845 20.7578 18.5958 8.337 2.49438
1507043343 21.4945 19.93 17.8582 7.80402 2.31473
1507046543 22.1054 20.266 17.935 7.74316 2.29702
1507049743 22.6727 21.129 18.7768 8.0864 2.39524
1507052943 23.1711 21.3358 18.8748 7.94358 2.33752
1507056143 22.976 20.6758 18.1119 7.50917 2.20138
1507057637 22.4796 20.6284 18.1428 7.54801 2.21454
1507057791 22.4796 20.6284 18.1428 7.54801 2.21454
1507057991 22.4796 20.6284 18.1428 7.54801 2.21454
1507058391 22.4796 20.6284 18.1428 7.54801 2.21454
1507059191 22.7048 20.7186 18.1959 7.57307 2.22247
1507060791 22.7978 20.818 18.2763 7.61955 2.2375
1507063991 21.7681 20.6165 18.2758 7.6719 2.25603
1507067191 22.0203 20.6928 18.3549 7.73233 2.27625
1507070391 22.2651 20.8073 18.4573 7.7995 2.29834
1507073591 22.5425 20.9449 18.5681 7.86807 2.32081
1507076791 22.069 20.8671 18.6046 7.92603 2.34085
1507079991 22.328 20.9665 18.6986 7.99224 2.36287
1507083191 20.0539 19.0044 16.9907 7.19216 2.1215
1507086391 22.4552 21.054 18.8479 8.12265 2.40702
1507089591 22.23 21.0195 18.8925 8.18401 2.42815
1507092791 19.1881 17.882 15.7897 6.66934 1.96628
1507095991 18.745 18.5572 17.0699 7.74138 2.32169
1507099191 20.6229 20.4192 18.7887 8.28826 2.46901
1507102391 20.0814 20.1748 18.7526 8.34626 2.49018
1507105591 19.6251 19.9042 18.6609 8.35216 2.49535
1507108791 19.5305 19.7279 18.6408 8.43264 2.5239
1507111991 19.078 19.4426 18.5556 8.47153 2.53995
1507115191 18.2091 18.3977 17.6308 8.12413 2.44483
1507118391 19.6662 19.2999 18.5146 8.56637 2.57604
1507121591 19.8953 19.2711 18.5073 8.61773 2.59543
1507124791 20.9107 19.5001 18.5874 8.67826 2.61653
1507127991 21.6847 19.7411 18.6672 8.73062 2.63514
1507131191 21.5319 19.8122 18.7013 8.78255 2.65424
1507134391 20.4264 18.8407 17.8098 8.5379 2.59474
1507137591 20.0704 18.3776 17.2611 8.14461 2.4614
1507140791 22.0933 20.0673 18.5252 8.70099 2.64054
1507143991 21.6218 20.0633 18.8348 8.96872 2.72347
1507147191 21.8358 20.1676 18.8903 9.02932 2.74544
1507150391 22.2314 20.3375 18.9708 9.09302 2.76794
1507153591 21.1589 19.7264 18.6894 9.04988 2.7602
1507156791 22.1341 20.4416 19.0363 9.15495 2.79221
1507159991 21.5752 19.6192 18.1238 8.58152 2.6043
1507163191 22.6252 20.7096 19.1823 9.27599 2.83559
1507166391 20.1127 18.63 17.2325 8.51808 2.62753
1507169591 19.1223 17.9108 16.5529 8.00338 2.45072
1507172791 21.7482 20.5804 19.2196 9.43268 2.89553
1507175991 22.2612 20.7209 19.2903 9.49091 2.91673
1507179191 23.3514 21.0909 19.4454 9.56296 2.94133
1507182391 23.4538 21.2236 19.5238 9.6243 2.96347
1507185591 23.6971 21.3986 19.4388 9.48552 2.92322
1507188791 23.0117 21.3098 19.626 9.74115 3.00683
1507191991 21.8658 20.3659 19.0857 9.68274 2.99998
1507195191 23.2344 21.3145 19.5036 9.53827 2.92804
1507198391 21.6154 19.7405 17.8948 8.76737 2.70267
1507201591 22.8533 21.1919 19.6561 9.93689 3.08447
1507204791 23.1519 21.7528 19.9751 10.0404 3.11706
1507207991 19.4298 18.3469 17.051 8.73766 2.72325
1507211191 20.7473 19.8646 18.05 8.90084 2.75518
1507214391 21.4325 20.4746 18.8147 9.38461 2.90726
1507217591 23.2766 21.7367 20.1032 10.2586 3.20121
1507220791 23.7695 21.9186 20.1991 10.3216 3.22413
1507223991 24.9224 22.3188 20.2544 10.2068 3.18818
1507227191 22.8418 20.0087 17.8835 8.8281 2.73104
1507230391 26.0093 22.9692 20.6983 10.5466 3.30246
1507233591 25.5246 23.0486 20.7836 10.611 3.32624
1507236791 24.3152 22.1312 19.8762 10.1428 3.18731
1507239991 24.4049 22.5913 20.3281 10.4353 3.28671
1507243191 26.3868 23.6771 21.1728 10.8224 3.40169
1507246392 25.269 22.2172 19.8841 10.3363 3.26803
1507249592 27.9114 24.4898 21.5957 10.9883 3.458
1507252792 25.9334 22.8284 19.9311 9.91053 3.10157
1507255992 26.2949 23.0501 19.9897 10.2979 3.27129
1507259192 28.5632 25.335 22.1302 11.2306 3.54217
1507262392 27.1228 24.4683 21.6117 11.1671 3.53464
1507265592 26.87 24.5116 21.5598 11.1638 3.5402
1507268792 25.3402 23.6327 20.9917 10.8012 3.42577
1507271992 25.7289 23.7044 20.8357 10.545 3.32307
1507275192 28.3002 25.9152 22.7721 11.6016 3.67488
1507278392 26.0299 24.2346 21.2112 10.6494 3.36063
1507281592 27.4101 25.8804 22.9324 11.7398 3.72676
1507284792 27.7544 25.9979 23.0538 11.8144 3.7537
1507287992 27.7954 26.0792 23.1604 11.8849 3.77949
1507291192 26.6633 25.2337 22.4608 11.4203 3.61243
1507294392 27.1932 25.9772 23.2802 12.0158 3.82927
1507297592 25.1814 24.7318 22.3695 11.5668 3.69197
1507300792 25.997 25.5573 23.2724 12.1308 3.87601
1507303992 23.7191 23.4167 21.3379 11.2889 3.6374
1507307192 24.7102 24.3433 22.5282 12.0551 3.87454
1507310392 25.9729 25.2824 23.2891 12.1444 3.88756
1507313592 25.3779 25.0672 23.2609 12.1968 3.9096
1507316792 25.7667 25.0663 23.3 12.2584 3.93391
1507319992 25.5273 24.6578 22.9906 12.2389 3.93812
1507323192 24.4009 23.8388 22.2942 11.7747 3.78986
1507326392 25.1301 24.399 22.8355 11.9644 3.82504
1507329592 25.4472 24.0533 22.4344 12.0065 3.88374
1507332792 27.0917 25.2664 23.5335 12.5692 4.05643
1507335992 27.5681 25.4683 23.4635 12.1683 3.89679
1507339192 24.1987 22.3952 20.4867 10.3838 3.30533
1507342392 28.0042 25.8223 23.7947 12.5387 4.02602
1507345592 26.01 23.9409 22.036 11.6357 3.72531
1507348792 26.9804 25.0358 23.1848 12.4818 4.02895
1507351992 27.2774 25.2264 23.2255 12.4972 4.03953
1507355192 26.919 25.1851 23.1282 12.2036 3.93262
1507358392 27.1271 26.0149 24.1173 12.8758 4.15627
1507361592 24.2028 23.7953 22.2822 12.1977 3.96818
1507364792 25.5703 25.4121 23.9802 12.9691 4.19904
1507367992 25.0633 24.7919 23.5139 12.6646 4.07732
1507371192 24.2137 23.5692 22.3104 11.9648 3.85829
1507374392 25.5746 24.7253 23.4458 12.6567 4.08201
1507377592 25.8105 24.4816 23.1493 12.8616 4.20251
1507380792 26.7167 25.4807 24.1218 13.2639 4.32038
1507383992 26.0367 25.2937 24.0807 13.3126 4.34252
1507387192 21.0032 20.2761 19.2905 11.0304 3.6518
1507390392 24.1996 23.9019 23.107 13.1588 4.32203
1507393592 24.9271 24.7337 23.9253 13.4564 4.40881
1507396792 24.8201 24.2786 23.4836 13.1495 4.28494
1507399992 25.1739 24.6215 23.8922 13.5561 4.45372
1507403192 22.6007 21.6767 20.9136 11.7518 3.85589
1507406392 26.3539 24.8733 23.9812 13.6735 4.50321
1507409592 26.6988 25.0104 24.0363 13.734 4.52836
1507412792 26.8356 25.1047 24.0783 13.7922 4.55303
1507415992 26.1542 24.3488 23.2465 13.2799 4.38584
1507419192 27.1967 25.3497 24.1896 13.9122 4.60322
1507422392 27.3783 25.4815 24.2537 13.9738 4.6287
1507425592 26.4848 24.5848 23.2646 13.2315 4.38567
1507428792 27.2115 25.583 24.2851 13.8954 4.60624
1507431992 26.6805 25.4733 24.2673 13.9444 4.62851
1507435192 26.6126 25.4458 24.2711 13.9899 4.64934
1507438392 26.8759 25.5205 24.313 14.0479 4.67397
1507441592 24.6237 23.5301 22.496 12.9014 4.2714
1507444792 26.5661 25.447 24.322 14.1554 4.72257
1507447992 26.5086 25.4209 24.3282 14.2079 4.74597
1507451192 26.4169 25.3732 24.3218 14.2547 4.76786
1507454392 26.2958 25.3211 24.3153 14.303 4.79017
1507457592 23.3149 22.3315 21.392 12.5754 4.23366
1507460792 26.7895 25.4302 24.3751 14.4144 4.83923
1507463992 26.7954 25.45 24.3946 14.4669 4.863
1507467192 26.7086 25.4364 24.3994 14.5199 4.88758
1507470392 24.3001 23.3977 22.5473 13.577 4.57068
1507473592 25.3943 24.3526 23.4396 14.2365 4.82714
1507476792 25.8368 25.1561 24.3335 14.6587 4.95441
1507479992 25.9029 25.1254 24.3267 14.7039 4.97601
1507483192 26.2075 25.1759 24.348 14.7559 4.99994
1507486392 44.0394 26.3074 21.6837 12.3622 4.20088
1507489592 159.127 63.6275 36.5829 15.6762 5.0753
1507492792 253.184 102.122 51.4154 18.64 5.92709
1507495992 316.652 137.432 66.0978 21.2097 6.56304
1507499192 366.948 171.496 79.982 23.1996 7.02596
1507502392 399.351 202.573 94.7344 25.9189 7.7022
1507505592 415.314 226.89 106.377 27.7249 8.12951
1507508792 431.39 252.705 120.084 30.0603 8.64394
1507511992 441.648 275.747 133.353 32.794 9.38263
1507515192 443.621 292.661 143.111 33.6688 9.46463
1507518392 439.402 305.378 153.066 36.2413 10.1874
1507521592 445.551 323.57 165.457 38.7177 10.7931
1507524792 436.706 330.96 173.5 40.9434 11.4117
1507527992 434.086 339.527 181.171 41.8441 11.4951
1507531192 431.147 347.599 188.664 43.2427 11.8719
1507534392 444.632 368.396 204.845 47.3298 12.9192
1507537592 434.825 368.481 208.105 46.7968 12.5275
1507540792 436.927 380.027 220.758 51.782 14.147
1507543992 443.633 389.681 229.917 53.2805 14.3934
1507547192 431.331 384.183 231.76 54.9758 14.9797
1507550392 428.668 384.703 235.487 55.6045 15.0879
1507553592 435.828 397.72 248.114 58.8196 15.8944
1507556792 434.069 402.249 255.219 60.6071 16.3464
1507559992 421.405 393.458 254.406 61.6754 16.7233
1507563193 430.287 405.371 266.171 64.0167 17.1933
1507566393 427.213 407.178 272.178 66.4312 17.8952
1507569593 431.574 413.251 279.753 67.9884 18.2223
1507572793 428.495 410.454 282.756 70.2268 18.9197
1507575993 429.923 412.959 288.445 72.5925 19.6093
1507579193 429.003 412.314 291.138 73.0413 19.639
1507582393 442.425 425.276 304.34 77.5912 20.9264
1507585593 433.923 419.98 304.115 77.3419 20.6824
1507588793 434.554 421.516 309.312 80.36 21.6995
1507591993 437.993 425.222 315.308 82.1232 22.1213
1507595193 434.136 422.449 316.665 83.449 22.5336
1507598393 427.081 416.191 315.158 83.7432 22.5743
1507601593 433.265 423.571 324.215 86.7696 23.4032
1507604793 434.371 425.017 328.373 88.5455 23.8571
1507607993 436.015 429.314 335.235 90.8476 24.47
1507611193 433.749 428.249 337.84 93.2479 25.2539
1507614393 426.665 421.789 335.861 92.9492 25.0685
1507617593 432.295 428.46 344.372 96.4058 26.0932
1507620793 434.059 431.558 350.13 99.2562 26.9297
1507623993 434.702 432.702 354.12 101.288 27.4996
1507627193 427.989 425.82 351.407 101.395 27.561
1507630393 424.975 424.09 352.699 102.14 27.6297
1507633593 421.975 420.649 352.468 103.476 28.1446
1507636793 424.266 423.585 357.726 105.014 28.3755
1507639993 430.283 428.487 364.591 109.293 29.8294
1507643193 418.644 416.987 357.199 107.921 29.472
1507646393 423.123 422.911 365.104 111.619 30.5482
1507649593 420.109 419.681 364.521 112.112 30.6713
1507652793 425.581 423.569 369.469 114.623 31.3663
1507655993 426.04 422.842 370.419 116.145 31.8936
1507659193 418.492 414.138 364.287 113.442 30.9215
1507662394 423.856 418.51 370.579 118.491 32.6348
1507665594 425.669 421.492 374.538 119.858 32.8849
1507668794 424.11 420.388 375.4 120.952 33.2267
1507671994 432.093 427.38 383.509 125.608 34.6874
1507675194 433.06 425.701 383.016 126.509 34.9885
1507678394 436.023 427.547 385.931 128.513 35.5824
1507681594 433.777 424.607 383.912 128.572 35.6262
1507684794 431.567 423.615 384.611 129.773 35.9576
1507687994 431.396 421.778 383.501 130.415 36.1921
1507691194 442.467 433.009 394.794 135.081 37.5077
1507694394 427.858 418.694 382.736 132.044 36.7522
1507697594 426.656 418.246 384.092 134.156 37.4092
1507700794 440.029 433.316 399.06 140.322 39.1939
1507703994 429.864 423.261 390.624 137.842 38.4487
1507707194 433.692 427.667 396.434 141.852 39.756
1507710394 426.013 424.731 395.692 142.746 40.0681
1507713594 424.658 424.538 396.611 143.754 40.3437
1507716794 423.319 423.392 397.655 145.208 40.7497
1507719994 417.397 416.667 392.415 145.229 40.9696
1507723194 421.331 419.907 396.698 147.667 41.6804
1507726394 411.43 408.898 387.763 146.073 41.3578
1507729594 422.17 418.98 396.84 149.554 42.2414
1507732794 425.32 422.34 402.367 153.629 43.5677
1507735994 425.974 421.893 402.37 154.699 43.9363
1507739194 423.311 418.717 400.307 155.205 44.1598
1507742394 422.105 414.763 395.9 153.839 43.6801
1507745594 433.012 424.818 406.151 159.506 45.4971
1507748794 433.63 425.114 407.068 161.003 45.991
1507751994 432.41 425.473 408.03 162.493 46.4841
1507755194 431.201 426.498 409.373 163.279 46.632
1507758394 428.849 427.786 413.206 166.926 47.8775
1507761594 421.153 418.935 405.598 165.277 47.5139
1507764795 426.555 424.368 411.589 168.398 48.383
1507767995 433.881 430.724 418.503 172.784 49.7745
1509902111 301.349 291.1 289.508 283.078 180.466
1509902311 304.98 292.055 289.83 283.125 180.477
1509902711 306.796 292.533 289.991 283.148 180.483
1509903511 317.802 295.598 291.038 283.284 180.426
1509905111 311.286 275.35 267.03 257.82 163.667
1509908311 323.352 256.198 237.103 223.048 140.394
1509911511 407.544 319.94 289.932 268.105 163.956
1509914711 437.179 344.911 307.409 280.727 171.367
1509917911 458.622 362.498 316.262 283.806 172.913
1509921111 462.456 371.44 320.803 284.597 173.191
1509925664 451.986 367.523 319.441 284.377 173.04
1509925864 388.704 314.817 267.94 233.463 141.405
1509926264 465.357 385.175 328.416 285.962 173.623
1509927064 447.357 373.547 319.765 278.852 169.308
1509928664 466.062 389.828 331.238 286.499 173.836
1509931864 460.251 392.115 333.033 286.108 173.497
1509935064 449.316 386.729 325.443 275.206 166.57
1509938264 438.648 382.585 321.245 268.933 162.389
1509941464 438.865 387.017 323.378 267.044 161.098
1509944664 423.898 379.365 318.677 262.337 158.07
1509947864 438.291 395.854 331.222 268.792 161.779
1509951064 450.405 410.55 345.207 279.507 168.205
1509954264 449.171 414.376 350.067 282.202 169.687
1509957464 453.449 422.183 358.46 287.963 173.073
1509960664 456.038 427.017 362.14 287.296 172.324
1509963864 452.578 425.248 362.031 285.938 171.412
1509967064 456.815 431.595 369.97 292.444 175.345
1509970264 453.119 429.922 369.545 290.252 173.817
1509973464 447.071 425.469 365.189 282.598 168.728
1509976664 448.554 430.803 372.04 287.365 171.313
1509979864 449.742 433.564 377.762 293.52 175.396
1509983064 451.722 435.622 381.173 295.284 176.256
1509986264 441.568 426.744 374.089 287.157 171.131
1509989464 447.932 434.146 383.472 295.625 176.299
1509992664 449.389 435.228 384.536 293.088 174.305
1509995864 442.015 429.776 382.37 292.207 173.867
1509999064 442.854 430.737 383.56 290.484 172.461
1510002264 447.425 434.268 389.023 296.549 176.176
1510005465 447.13 433.859 390.112 296.412 176.047
1510008665 454.755 441.334 398.184 301.637 178.914
1510011865 449.374 436.183 395.515 300.623 178.496
1510015065 443.891 432.22 393.397 298.252 176.904
1510018265 447.557 434.965 396.82 300.149 177.841
1510021465 452.515 439.412 401.833 303.201 179.534
1510024665 448.227 434.3 398.136 299.712 177.296
1510027865 444.023 430.178 395.633 297.995 176.295
1510031065 450.296 436.008 401.406 300.53 177.417
1510034265 435.717 422.374 390.222 293.641 173.49
1510037465 449.928 436.138 404.08 303.413 179.054
1510040665 444.628 430.715 398.963 295.926 173.858
1510043865 452.401 438.036 408.129 307.431 181.561
1510047065 451.797 437.593 408.069 304.922 179.555
1510050265 449.444 435.026 406.939 305.048 179.712
1510053465 446.277 434.455 407.808 305.699 179.91
1510056665 443.403 434.482 410.247 307.685 181.043
1510059865 439.035 429.513 405.813 303.269 178.206
1510063065 442.866 432.952 410.303 307.743 180.985
1510066265 446.634 436.305 414.601 311.549 183.215
1510069465 442.949 432.26 411.868 310.516 182.699
1510072665 437.199 426.874 407.268 306.121 179.803
1510075865 430.433 421.635 404.344 305.83 179.818
1510079065 436.038 425.966 408.03 309.218 182.002
1510082265 436.727 426.087 409.819 311.008 183.057
1510085465 437.84 426.504 411.189 310.591 182.304
1510088665 436.739 424.262 409.776 310.647 182.484
1510091865 438.858 425.528 411.074 309.425 181.058
1510095066 443.882 429.529 415.017 314.344 184.433
1510098266 446.019 430.483 416.231 315.169 184.792
1510101466 444.851 428.842 415.574 314.879 184.485
1510104666 449.757 433.594 420.49 320.832 188.257
